{"C:\\Users\\35758548820\\Documents\\CURSO-UDEMY-TESTES-FRONT-END\\curso-testes-front-end\\project-01\\src\\App.tsx": {"path":"C:\\Users\\35758548820\\Documents\\CURSO-UDEMY-TESTES-FRONT-END\\curso-testes-front-end\\project-01\\src\\App.tsx","all":false,"statementMap":{"0":{"start":{"line":1,"column":0},"end":{"line":1,"column":19}},"2":{"start":{"line":3,"column":0},"end":{"line":3,"column":16}},"3":{"start":{"line":4,"column":0},"end":{"line":4,"column":10}},"4":{"start":{"line":5,"column":0},"end":{"line":5,"column":9}},"5":{"start":{"line":6,"column":0},"end":{"line":6,"column":26}},"6":{"start":{"line":7,"column":0},"end":{"line":7,"column":29}},"7":{"start":{"line":8,"column":0},"end":{"line":8,"column":10}},"9":{"start":{"line":10,"column":0},"end":{"line":10,"column":1}},"11":{"start":{"line":12,"column":0},"end":{"line":12,"column":19}}},"s":{"0":1,"2":2,"3":2,"4":2,"5":2,"6":2,"7":2,"9":2,"11":1},"branchMap":{"0":{"type":"branch","line":3,"loc":{"start":{"line":3,"column":0},"end":{"line":10,"column":1}},"locations":[{"start":{"line":3,"column":0},"end":{"line":10,"column":1}}]}},"b":{"0":[2]},"fnMap":{"0":{"name":"App","decl":{"start":{"line":3,"column":0},"end":{"line":10,"column":1}},"loc":{"start":{"line":3,"column":0},"end":{"line":10,"column":1}},"line":3}},"f":{"0":2}}
,"C:\\Users\\35758548820\\Documents\\CURSO-UDEMY-TESTES-FRONT-END\\curso-testes-front-end\\project-01\\src\\main.tsx": {"path":"C:\\Users\\35758548820\\Documents\\CURSO-UDEMY-TESTES-FRONT-END\\curso-testes-front-end\\project-01\\src\\main.tsx","all":true,"statementMap":{"0":{"start":{"line":1,"column":0},"end":{"line":1,"column":46}},"1":{"start":{"line":2,"column":0},"end":{"line":2,"column":21}},"2":{"start":{"line":3,"column":0},"end":{"line":3,"column":49}},"3":{"start":{"line":4,"column":0},"end":{"line":4,"column":38}},"5":{"start":{"line":6,"column":0},"end":{"line":6,"column":52}},"6":{"start":{"line":7,"column":0},"end":{"line":7,"column":17}},"7":{"start":{"line":8,"column":0},"end":{"line":8,"column":18}},"8":{"start":{"line":9,"column":0},"end":{"line":9,"column":18}},"9":{"start":{"line":10,"column":0},"end":{"line":10,"column":2}}},"s":{"0":0,"1":0,"2":0,"3":0,"5":0,"6":0,"7":0,"8":0,"9":0},"branchMap":{"0":{"type":"branch","line":1,"loc":{"start":{"line":1,"column":270},"end":{"line":10,"column":2}},"locations":[{"start":{"line":1,"column":270},"end":{"line":10,"column":2}}]}},"b":{"0":[0]},"fnMap":{"0":{"name":"(empty-report)","decl":{"start":{"line":1,"column":270},"end":{"line":10,"column":2}},"loc":{"start":{"line":1,"column":270},"end":{"line":10,"column":2}},"line":1}},"f":{"0":0}}
,"C:\\Users\\35758548820\\Documents\\CURSO-UDEMY-TESTES-FRONT-END\\curso-testes-front-end\\project-01\\src\\routes.tsx": {"path":"C:\\Users\\35758548820\\Documents\\CURSO-UDEMY-TESTES-FRONT-END\\curso-testes-front-end\\project-01\\src\\routes.tsx","all":false,"statementMap":{"0":{"start":{"line":1,"column":0},"end":{"line":1,"column":49}},"5":{"start":{"line":6,"column":0},"end":{"line":6,"column":38}},"6":{"start":{"line":7,"column":0},"end":{"line":7,"column":10}},"7":{"start":{"line":8,"column":0},"end":{"line":8,"column":12}},"8":{"start":{"line":9,"column":0},"end":{"line":9,"column":44}},"9":{"start":{"line":10,"column":0},"end":{"line":10,"column":57}},"10":{"start":{"line":11,"column":0},"end":{"line":11,"column":52}},"12":{"start":{"line":13,"column":0},"end":{"line":13,"column":62}},"13":{"start":{"line":14,"column":0},"end":{"line":14,"column":13}},"15":{"start":{"line":16,"column":0},"end":{"line":16,"column":1}}},"s":{"0":1,"5":4,"6":4,"7":4,"8":4,"9":4,"10":4,"12":4,"13":4,"15":4},"branchMap":{"0":{"type":"branch","line":6,"loc":{"start":{"line":6,"column":0},"end":{"line":16,"column":1}},"locations":[{"start":{"line":6,"column":0},"end":{"line":16,"column":1}}]}},"b":{"0":[4]},"fnMap":{"0":{"name":"MainRoutes","decl":{"start":{"line":6,"column":0},"end":{"line":16,"column":1}},"loc":{"start":{"line":6,"column":0},"end":{"line":16,"column":1}},"line":6}},"f":{"0":4}}
,"C:\\Users\\35758548820\\Documents\\CURSO-UDEMY-TESTES-FRONT-END\\curso-testes-front-end\\project-01\\src\\Dashboard\\index.tsx": {"path":"C:\\Users\\35758548820\\Documents\\CURSO-UDEMY-TESTES-FRONT-END\\curso-testes-front-end\\project-01\\src\\Dashboard\\index.tsx","all":false,"statementMap":{"0":{"start":{"line":1,"column":0},"end":{"line":1,"column":42}},"2":{"start":{"line":3,"column":0},"end":{"line":3,"column":37}},"3":{"start":{"line":4,"column":0},"end":{"line":4,"column":10}},"4":{"start":{"line":5,"column":0},"end":{"line":5,"column":38}},"5":{"start":{"line":6,"column":0},"end":{"line":6,"column":24}},"6":{"start":{"line":7,"column":0},"end":{"line":7,"column":10}},"8":{"start":{"line":9,"column":0},"end":{"line":9,"column":1}}},"s":{"0":1,"2":2,"3":2,"4":2,"5":2,"6":2,"8":2},"branchMap":{"0":{"type":"branch","line":3,"loc":{"start":{"line":3,"column":0},"end":{"line":9,"column":1}},"locations":[{"start":{"line":3,"column":0},"end":{"line":9,"column":1}}]}},"b":{"0":[2]},"fnMap":{"0":{"name":"Dashboard","decl":{"start":{"line":3,"column":0},"end":{"line":9,"column":1}},"loc":{"start":{"line":3,"column":0},"end":{"line":9,"column":1}},"line":3}},"f":{"0":2}}
,"C:\\Users\\35758548820\\Documents\\CURSO-UDEMY-TESTES-FRONT-END\\curso-testes-front-end\\project-01\\src\\Login\\index.tsx": {"path":"C:\\Users\\35758548820\\Documents\\CURSO-UDEMY-TESTES-FRONT-END\\curso-testes-front-end\\project-01\\src\\Login\\index.tsx","all":false,"statementMap":{"0":{"start":{"line":1,"column":0},"end":{"line":1,"column":47}},"3":{"start":{"line":4,"column":0},"end":{"line":4,"column":33}},"4":{"start":{"line":5,"column":0},"end":{"line":5,"column":33}},"5":{"start":{"line":6,"column":0},"end":{"line":6,"column":49}},"6":{"start":{"line":7,"column":0},"end":{"line":7,"column":27}},"7":{"start":{"line":8,"column":0},"end":{"line":8,"column":27}},"8":{"start":{"line":9,"column":0},"end":{"line":9,"column":3}},"9":{"start":{"line":10,"column":0},"end":{"line":10,"column":10}},"10":{"start":{"line":11,"column":0},"end":{"line":11,"column":38}},"11":{"start":{"line":12,"column":0},"end":{"line":12,"column":22}},"12":{"start":{"line":13,"column":0},"end":{"line":13,"column":36}},"13":{"start":{"line":14,"column":0},"end":{"line":14,"column":61}},"14":{"start":{"line":15,"column":0},"end":{"line":15,"column":60}},"15":{"start":{"line":16,"column":0},"end":{"line":16,"column":30}},"16":{"start":{"line":17,"column":0},"end":{"line":17,"column":13}},"17":{"start":{"line":18,"column":0},"end":{"line":18,"column":10}},"19":{"start":{"line":20,"column":0},"end":{"line":20,"column":1}}},"s":{"0":1,"3":7,"4":7,"5":7,"6":1,"7":1,"8":1,"9":7,"10":7,"11":7,"12":7,"13":7,"14":7,"15":7,"16":7,"17":7,"19":7},"branchMap":{"0":{"type":"branch","line":4,"loc":{"start":{"line":4,"column":0},"end":{"line":20,"column":1}},"locations":[{"start":{"line":4,"column":0},"end":{"line":20,"column":1}}]},"1":{"type":"branch","line":6,"loc":{"start":{"line":6,"column":2},"end":{"line":9,"column":3}},"locations":[{"start":{"line":6,"column":2},"end":{"line":9,"column":3}}]}},"b":{"0":[7],"1":[1]},"fnMap":{"0":{"name":"Login","decl":{"start":{"line":4,"column":0},"end":{"line":20,"column":1}},"loc":{"start":{"line":4,"column":0},"end":{"line":20,"column":1}},"line":4},"1":{"name":"handleSubmit","decl":{"start":{"line":6,"column":2},"end":{"line":9,"column":3}},"loc":{"start":{"line":6,"column":2},"end":{"line":9,"column":3}},"line":6}},"f":{"0":7,"1":1}}
,"C:\\Users\\35758548820\\Documents\\CURSO-UDEMY-TESTES-FRONT-END\\curso-testes-front-end\\project-01\\src\\SignUp\\index.tsx": {"path":"C:\\Users\\35758548820\\Documents\\CURSO-UDEMY-TESTES-FRONT-END\\curso-testes-front-end\\project-01\\src\\SignUp\\index.tsx","all":false,"statementMap":{"0":{"start":{"line":1,"column":0},"end":{"line":1,"column":47}},"2":{"start":{"line":3,"column":0},"end":{"line":3,"column":34}},"3":{"start":{"line":4,"column":0},"end":{"line":4,"column":33}},"5":{"start":{"line":6,"column":0},"end":{"line":6,"column":49}},"6":{"start":{"line":7,"column":0},"end":{"line":7,"column":27}},"7":{"start":{"line":8,"column":0},"end":{"line":8,"column":27}},"8":{"start":{"line":9,"column":0},"end":{"line":9,"column":3}},"9":{"start":{"line":10,"column":0},"end":{"line":10,"column":10}},"10":{"start":{"line":11,"column":0},"end":{"line":11,"column":9}},"11":{"start":{"line":12,"column":0},"end":{"line":12,"column":26}},"12":{"start":{"line":13,"column":0},"end":{"line":13,"column":36}},"13":{"start":{"line":14,"column":0},"end":{"line":14,"column":59}},"14":{"start":{"line":15,"column":0},"end":{"line":15,"column":61}},"15":{"start":{"line":16,"column":0},"end":{"line":16,"column":60}},"16":{"start":{"line":17,"column":0},"end":{"line":17,"column":32}},"17":{"start":{"line":18,"column":0},"end":{"line":18,"column":13}},"18":{"start":{"line":19,"column":0},"end":{"line":19,"column":10}},"20":{"start":{"line":21,"column":0},"end":{"line":21,"column":1}}},"s":{"0":1,"2":6,"3":6,"5":6,"6":1,"7":1,"8":1,"9":6,"10":6,"11":6,"12":6,"13":6,"14":6,"15":6,"16":6,"17":6,"18":6,"20":6},"branchMap":{"0":{"type":"branch","line":3,"loc":{"start":{"line":3,"column":0},"end":{"line":21,"column":1}},"locations":[{"start":{"line":3,"column":0},"end":{"line":21,"column":1}}]},"1":{"type":"branch","line":6,"loc":{"start":{"line":6,"column":2},"end":{"line":9,"column":3}},"locations":[{"start":{"line":6,"column":2},"end":{"line":9,"column":3}}]}},"b":{"0":[6],"1":[1]},"fnMap":{"0":{"name":"SignUp","decl":{"start":{"line":3,"column":0},"end":{"line":21,"column":1}},"loc":{"start":{"line":3,"column":0},"end":{"line":21,"column":1}},"line":3},"1":{"name":"handleSubmit","decl":{"start":{"line":6,"column":2},"end":{"line":9,"column":3}},"loc":{"start":{"line":6,"column":2},"end":{"line":9,"column":3}},"line":6}},"f":{"0":6,"1":1}}
}
